#
# There is insufficient memory for the Java Runtime Environment to continue.
# Native memory allocation (malloc) failed to allocate 1048576 bytes. Error detail: AllocateHeap
# Possible reasons:
#   The system is out of physical RAM or swap space
#   This process is running with CompressedOops enabled, and the Java Heap may be blocking the growth of the native heap
# Possible solutions:
#   Reduce memory load on the system
#   Increase physical memory or swap space
#   Check if swap backing store is full
#   Decrease Java heap size (-Xmx/-Xms)
#   Decrease number of Java threads
#   Decrease Java thread stack sizes (-Xss)
#   Set larger code cache with -XX:ReservedCodeCacheSize=
#   JVM is running with Unscaled Compressed Oops mode in which the Java heap is
#     placed in the first 4GB address space. The Java Heap base address is the
#     maximum limit for the native heap growth. Please use -XX:HeapBaseMinAddress
#     to set the Java Heap base and to place the Java Heap above 4GB virtual address.
# This output file may be truncated or incomplete.
#
#  Out of Memory Error (allocation.cpp:44), pid=19876, tid=21952
#
# JRE version: OpenJDK Runtime Environment Temurin-17.0.12+7 (17.0.12+7) (build 17.0.12+7)
# Java VM: OpenJDK 64-Bit Server VM Temurin-17.0.12+7 (17.0.12+7, mixed mode, emulated-client, tiered, compressed oops, compressed class ptrs, g1 gc, windows-amd64)
# No core dump will be written. Minidumps are not enabled by default on client versions of Windows
#

---------------  S U M M A R Y ------------

Command Line: -Xmx1024m -Dsts.lsp.client=vscode -Dsts.log.file=/dev/null -XX:TieredStopAtLevel=1 -Xlog:jni+resolve=off c:\Users\barba\.vscode\extensions\vmware.vscode-spring-boot-1.57.0\language-server\spring-boot-language-server-1.57.0-SNAPSHOT-exec.jar

Host: Intel(R) Core(TM) i5-10210U CPU @ 1.60GHz, 8 cores, 7G,  Windows 11 , 64 bit Build 22621 (10.0.22621.3958)
Time: Tue Sep 24 16:33:15 2024 Hora oficial do Brasil elapsed time: 241.226892 seconds (0d 0h 4m 1s)

---------------  T H R E A D  ---------------

Current thread (0x000001e33123dc50):  VMThread "VM Thread" [stack: 0x0000000258900000,0x0000000258a00000] [id=21952]

Stack: [0x0000000258900000,0x0000000258a00000]
Native frames: (J=compiled Java code, j=interpreted, Vv=VM code, C=native code)
V  [jvm.dll+0x67f929]
V  [jvm.dll+0x8371ba]
V  [jvm.dll+0x838c7e]
V  [jvm.dll+0x8392e3]
V  [jvm.dll+0x24834f]
V  [jvm.dll+0xa70d3]
V  [jvm.dll+0x2f9073]
V  [jvm.dll+0x2f4d00]
V  [jvm.dll+0x2dd82f]
V  [jvm.dll+0x3201f7]
V  [jvm.dll+0x83d7dd]
V  [jvm.dll+0x83e522]
V  [jvm.dll+0x83ea4f]
V  [jvm.dll+0x83ee34]
V  [jvm.dll+0x83ef00]
V  [jvm.dll+0x7e65dc]
V  [jvm.dll+0x67e7f7]
C  [ucrtbase.dll+0x29333]
C  [KERNEL32.DLL+0x1257d]
C  [ntdll.dll+0x5af28]

VM_Operation (0x000000025a3fec60): G1CollectFull, mode: safepoint, requested by thread 0x000001e336ee8070


---------------  P R O C E S S  ---------------

Threads class SMR info:
_java_thread_list=0x000001e33827fc90, length=26, elements={
0x000001e331240e00, 0x000001e331241b90, 0x000001e331281440, 0x000001e331283d20,
0x000001e3312845f0, 0x000001e331284ec0, 0x000001e331285840, 0x000001e3313ca470,
0x000001e3315066c0, 0x000001e331510e60, 0x000001e3369dda00, 0x000001e336bf7470,
0x000001e336ee8070, 0x000001e336ee8fa0, 0x000001e336ee99c0, 0x000001e336ee8580,
0x000001e336ee94b0, 0x000001e336eeae00, 0x000001e336ee8a90, 0x000001e336feb170,
0x000001e336fef850, 0x000001e336fecfd0, 0x000001e336fec5b0, 0x000001e336ff20d0,
0x000001e336ff1bc0, 0x000001e336ff0c90
}

Java Threads: ( => current thread )
  0x000001e331240e00 JavaThread "Reference Handler" daemon [_thread_blocked, id=13352, stack(0x0000000258a00000,0x0000000258b00000)]
  0x000001e331241b90 JavaThread "Finalizer" daemon [_thread_blocked, id=4364, stack(0x0000000258b00000,0x0000000258c00000)]
  0x000001e331281440 JavaThread "Signal Dispatcher" daemon [_thread_blocked, id=15340, stack(0x0000000258c00000,0x0000000258d00000)]
  0x000001e331283d20 JavaThread "Attach Listener" daemon [_thread_blocked, id=26852, stack(0x0000000258d00000,0x0000000258e00000)]
  0x000001e3312845f0 JavaThread "Service Thread" daemon [_thread_blocked, id=9392, stack(0x0000000258e00000,0x0000000258f00000)]
  0x000001e331284ec0 JavaThread "Monitor Deflation Thread" daemon [_thread_blocked, id=13252, stack(0x0000000258f00000,0x0000000259000000)]
  0x000001e331285840 JavaThread "C1 CompilerThread0" daemon [_thread_blocked, id=16636, stack(0x0000000259000000,0x0000000259100000)]
  0x000001e3313ca470 JavaThread "Sweeper thread" daemon [_thread_blocked, id=8648, stack(0x0000000259100000,0x0000000259200000)]
  0x000001e3315066c0 JavaThread "Notification Thread" daemon [_thread_blocked, id=24876, stack(0x0000000259200000,0x0000000259300000)]
  0x000001e331510e60 JavaThread "Common-Cleaner" daemon [_thread_blocked, id=13872, stack(0x0000000259400000,0x0000000259500000)]
  0x000001e3369dda00 JavaThread "ForkJoinPool.commonPool-worker-2" daemon [_thread_blocked, id=13368, stack(0x000000025a000000,0x000000025a100000)]
  0x000001e336bf7470 JavaThread "boundedElastic-evictor-1" daemon [_thread_blocked, id=10632, stack(0x0000000258200000,0x0000000258300000)]
  0x000001e336ee8070 JavaThread "pool-13-thread-1" [_thread_blocked, id=4108, stack(0x000000025a300000,0x000000025a400000)]
  0x000001e336ee8fa0 JavaThread "LanguageServerApp-lifecycle" [_thread_blocked, id=26112, stack(0x000000025a400000,0x000000025a500000)]
  0x000001e336ee99c0 JavaThread "DestroyJavaVM" [_thread_blocked, id=4444, stack(0x0000000258300000,0x0000000258400000)]
  0x000001e336ee8580 JavaThread "pool-14-thread-1" [_thread_in_native, id=3780, stack(0x000000025a500000,0x000000025a600000)]
  0x000001e336ee94b0 JavaThread "Simple-Language-Server main thread" daemon [_thread_blocked, id=28372, stack(0x000000025a600000,0x000000025a700000)]
  0x000001e336eeae00 JavaThread "pool-6-thread-1" [_thread_blocked, id=23492, stack(0x000000025aa00000,0x000000025ab00000)]
  0x000001e336ee8a90 JavaThread "parallel-1" daemon [_thread_blocked, id=21068, stack(0x000000025ab00000,0x000000025ac00000)]
  0x000001e336feb170 JavaThread "parallel-2" daemon [_thread_blocked, id=21436, stack(0x000000025b000000,0x000000025b100000)]
  0x000001e336fef850 JavaThread "parallel-3" daemon [_thread_blocked, id=5952, stack(0x000000025b100000,0x000000025b200000)]
  0x000001e336fecfd0 JavaThread "parallel-4" daemon [_thread_blocked, id=2812, stack(0x000000025b200000,0x000000025b300000)]
  0x000001e336fec5b0 JavaThread "parallel-5" daemon [_thread_blocked, id=9628, stack(0x000000025b300000,0x000000025b400000)]
  0x000001e336ff20d0 JavaThread "parallel-6" daemon [_thread_blocked, id=18960, stack(0x000000025b400000,0x000000025b500000)]
  0x000001e336ff1bc0 JavaThread "parallel-7" daemon [_thread_blocked, id=27924, stack(0x000000025b500000,0x000000025b600000)]
  0x000001e336ff0c90 JavaThread "parallel-8" daemon [_thread_blocked, id=21372, stack(0x000000025b600000,0x000000025b700000)]

Other Threads:
=>0x000001e33123dc50 VMThread "VM Thread" [stack: 0x0000000258900000,0x0000000258a00000] [id=21952]
  0x000001e331506ba0 WatcherThread [stack: 0x0000000259300000,0x0000000259400000] [id=11040]
  0x000001e326445110 GCTaskThread "GC Thread#0" [stack: 0x0000000258400000,0x0000000258500000] [id=8188]
  0x000001e331943cf0 GCTaskThread "GC Thread#1" [stack: 0x0000000259600000,0x0000000259700000] [id=21556]
  0x000001e331e790a0 GCTaskThread "GC Thread#2" [stack: 0x0000000259700000,0x0000000259800000] [id=4944]
  0x000001e331cb5cd0 GCTaskThread "GC Thread#3" [stack: 0x0000000259800000,0x0000000259900000] [id=16360]
  0x000001e33655a740 GCTaskThread "GC Thread#4" [stack: 0x0000000259a00000,0x0000000259b00000] [id=27284]
  0x000001e33655aa00 GCTaskThread "GC Thread#5" [stack: 0x0000000259b00000,0x0000000259c00000] [id=8732]
  0x000001e33655acc0 GCTaskThread "GC Thread#6" [stack: 0x0000000259c00000,0x0000000259d00000] [id=16288]
  0x000001e33655af80 GCTaskThread "GC Thread#7" [stack: 0x0000000259d00000,0x0000000259e00000] [id=20440]
  0x000001e32644df70 ConcurrentGCThread "G1 Main Marker" [stack: 0x0000000258500000,0x0000000258600000] [id=7756]
  0x000001e32644e8a0 ConcurrentGCThread "G1 Conc#0" [stack: 0x0000000258600000,0x0000000258700000] [id=27496]
  0x000001e3366610a0 ConcurrentGCThread "G1 Conc#1" [stack: 0x0000000259f00000,0x000000025a000000] [id=4600]
  0x000001e3264b6ad0 ConcurrentGCThread "G1 Refine#0" [stack: 0x0000000258700000,0x0000000258800000] [id=4092]
  0x000001e3310b1600 ConcurrentGCThread "G1 Service" [stack: 0x0000000258800000,0x0000000258900000] [id=14148]

Threads with active compile tasks:
C1 CompilerThread0   241321 6690       1       java.math.BigDecimal::subtract (121 bytes)

VM state: at safepoint (normal execution)

VM Mutex/Monitor currently owned by a thread:  ([mutex/lock_event])
[0x000001e32422c110] Threads_lock - owner thread: 0x000001e33123dc50
[0x000001e32422bc90] Heap_lock - owner thread: 0x000001e336ee8070

Heap address: 0x00000000c0000000, size: 1024 MB, Compressed Oops mode: 32-bit

CDS archive(s) not mapped
Compressed class space mapped at: 0x0000000100000000-0x0000000140000000, reserved size: 1073741824
Narrow klass base: 0x0000000000000000, Narrow klass shift: 3, Narrow klass range: 0x140000000

GC Precious Log:
 CPUs: 8 total, 8 available
 Memory: 8013M
 Large Page Support: Disabled
 NUMA Support: Disabled
 Compressed Oops: Enabled (32-bit)
 Heap Region Size: 1M
 Heap Min Capacity: 8M
 Heap Initial Capacity: 126M
 Heap Max Capacity: 1G
 Pre-touch: Disabled
 Parallel Workers: 8
 Concurrent Workers: 2
 Concurrent Refinement Workers: 8
 Periodic GC: Disabled

Heap:
 garbage-first heap   total 110592K, used 32552K [0x00000000c0000000, 0x0000000100000000)
  region size 1024K, 1 young (1024K), 0 survivors (0K)
 Metaspace       used 60885K, committed 61696K, reserved 1114112K
  class space    used 7611K, committed 7936K, reserved 1048576K

Heap Regions: E=young(eden), S=young(survivor), O=old, HS=humongous(starts), HC=humongous(continues), CS=collection set, F=free, OA=open archive, CA=closed archive, TAMS=top-at-mark-start (previous, next)
|   0|0x00000000c0000000, 0x00000000c0100000, 0x00000000c0100000|100%|HS|  |TAMS 0x00000000c0100000, 0x00000000c0000000| Untracked 
|   1|0x00000000c0100000, 0x00000000c0200000, 0x00000000c0200000|100%|HC|  |TAMS 0x00000000c0200000, 0x00000000c0100000| Untracked 
|   2|0x00000000c0200000, 0x00000000c0300000, 0x00000000c0300000|100%|HC|  |TAMS 0x00000000c0300000, 0x00000000c0200000| Untracked 
|   3|0x00000000c0300000, 0x00000000c0400000, 0x00000000c0400000|100%|HC|  |TAMS 0x00000000c0400000, 0x00000000c0300000| Untracked 
|   4|0x00000000c0400000, 0x00000000c0500000, 0x00000000c0500000|100%|HS|  |TAMS 0x00000000c0500000, 0x00000000c0400000| Untracked 
|   5|0x00000000c0500000, 0x00000000c0600000, 0x00000000c0600000|100%|HC|  |TAMS 0x00000000c0600000, 0x00000000c0500000| Untracked 
|   6|0x00000000c0600000, 0x00000000c06fffe8, 0x00000000c0700000| 99%| O|  |TAMS 0x00000000c06fffe8, 0x00000000c0600000| Untracked 
|   7|0x00000000c0700000, 0x00000000c0800000, 0x00000000c0800000|100%| O|  |TAMS 0x00000000c0800000, 0x00000000c0700000| Untracked 
|   8|0x00000000c0800000, 0x00000000c0900000, 0x00000000c0900000|100%| O|  |TAMS 0x00000000c0900000, 0x00000000c0800000| Untracked 
|   9|0x00000000c0900000, 0x00000000c0a00000, 0x00000000c0a00000|100%| O|  |TAMS 0x00000000c0a00000, 0x00000000c0900000| Untracked 
|  10|0x00000000c0a00000, 0x00000000c0b00000, 0x00000000c0b00000|100%| O|  |TAMS 0x00000000c0b00000, 0x00000000c0a00000| Untracked 
|  11|0x00000000c0b00000, 0x00000000c0c00000, 0x00000000c0c00000|100%| O|  |TAMS 0x00000000c0c00000, 0x00000000c0b00000| Untracked 
|  12|0x00000000c0c00000, 0x00000000c0cffd98, 0x00000000c0d00000| 99%| O|  |TAMS 0x00000000c0cffd98, 0x00000000c0c00000| Untracked 
|  13|0x00000000c0d00000, 0x00000000c0dffff0, 0x00000000c0e00000| 99%| O|  |TAMS 0x00000000c0dffff0, 0x00000000c0d00000| Untracked 
|  14|0x00000000c0e00000, 0x00000000c0f00000, 0x00000000c0f00000|100%| O|  |TAMS 0x00000000c0f00000, 0x00000000c0e00000| Untracked 
|  15|0x00000000c0f00000, 0x00000000c1000000, 0x00000000c1000000|100%| O|  |TAMS 0x00000000c1000000, 0x00000000c0f00000| Untracked 
|  16|0x00000000c1000000, 0x00000000c10ffff8, 0x00000000c1100000| 99%| O|  |TAMS 0x00000000c10ffff8, 0x00000000c1000000| Untracked 
|  17|0x00000000c1100000, 0x00000000c1200000, 0x00000000c1200000|100%| O|  |TAMS 0x00000000c1200000, 0x00000000c1100000| Untracked 
|  18|0x00000000c1200000, 0x00000000c1300000, 0x00000000c1300000|100%| O|  |TAMS 0x00000000c1300000, 0x00000000c1200000| Untracked 
|  19|0x00000000c1300000, 0x00000000c13fffe8, 0x00000000c1400000| 99%| O|  |TAMS 0x00000000c13fffe8, 0x00000000c1300000| Untracked 
|  20|0x00000000c1400000, 0x00000000c14fffe8, 0x00000000c1500000| 99%| O|  |TAMS 0x00000000c14fffe8, 0x00000000c1400000| Untracked 
|  21|0x00000000c1500000, 0x00000000c15ffff8, 0x00000000c1600000| 99%| O|  |TAMS 0x00000000c15ffff8, 0x00000000c1500000| Untracked 
|  22|0x00000000c1600000, 0x00000000c16ffea0, 0x00000000c1700000| 99%| O|  |TAMS 0x00000000c16ffea0, 0x00000000c1600000| Untracked 
|  23|0x00000000c1700000, 0x00000000c17ffff0, 0x00000000c1800000| 99%| O|  |TAMS 0x00000000c17ffff0, 0x00000000c1700000| Untracked 
|  24|0x00000000c1800000, 0x00000000c18fffe8, 0x00000000c1900000| 99%| O|  |TAMS 0x00000000c18fffe8, 0x00000000c1800000| Untracked 
|  25|0x00000000c1900000, 0x00000000c19c0600, 0x00000000c1a00000| 75%| O|  |TAMS 0x00000000c1900000, 0x00000000c1900000| Untracked 
|  26|0x00000000c1a00000, 0x00000000c1b00000, 0x00000000c1b00000|100%| O|  |TAMS 0x00000000c1b00000, 0x00000000c1a00000| Untracked 
|  27|0x00000000c1b00000, 0x00000000c1c00000, 0x00000000c1c00000|100%| O|  |TAMS 0x00000000c1c00000, 0x00000000c1b00000| Untracked 
|  28|0x00000000c1c00000, 0x00000000c1d00000, 0x00000000c1d00000|100%| O|  |TAMS 0x00000000c1d00000, 0x00000000c1c00000| Untracked 
|  29|0x00000000c1d00000, 0x00000000c1dff430, 0x00000000c1e00000| 99%| O|  |TAMS 0x00000000c1dff430, 0x00000000c1d00000| Untracked 
|  30|0x00000000c1e00000, 0x00000000c1efffc8, 0x00000000c1f00000| 99%| O|  |TAMS 0x00000000c1efffc8, 0x00000000c1e00000| Untracked 
|  31|0x00000000c1f00000, 0x00000000c1f0ab68, 0x00000000c2000000|  4%| O|  |TAMS 0x00000000c1f00000, 0x00000000c1f00000| Untracked 
|  32|0x00000000c2000000, 0x00000000c2000000, 0x00000000c2100000|  0%| F|  |TAMS 0x00000000c2000000, 0x00000000c2000000| Untracked 
|  33|0x00000000c2100000, 0x00000000c2100000, 0x00000000c2200000|  0%| F|  |TAMS 0x00000000c2100000, 0x00000000c2100000| Untracked 
|  34|0x00000000c2200000, 0x00000000c22ffff0, 0x00000000c2300000| 99%| O|  |TAMS 0x00000000c22ffff0, 0x00000000c2200000| Untracked 
|  35|0x00000000c2300000, 0x00000000c2300000, 0x00000000c2400000|  0%| F|  |TAMS 0x00000000c2300000, 0x00000000c2300000| Untracked 
|  36|0x00000000c2400000, 0x00000000c2400000, 0x00000000c2500000|  0%| F|  |TAMS 0x00000000c2400000, 0x00000000c2400000| Untracked 
|  37|0x00000000c2500000, 0x00000000c2500000, 0x00000000c2600000|  0%| F|  |TAMS 0x00000000c2500000, 0x00000000c2500000| Untracked 
|  38|0x00000000c2600000, 0x00000000c2600000, 0x00000000c2700000|  0%| F|  |TAMS 0x00000000c2600000, 0x00000000c2600000| Untracked 
|  39|0x00000000c2700000, 0x00000000c2700000, 0x00000000c2800000|  0%| F|  |TAMS 0x00000000c2700000, 0x00000000c2700000| Untracked 
|  40|0x00000000c2800000, 0x00000000c2800000, 0x00000000c2900000|  0%| F|  |TAMS 0x00000000c2800000, 0x00000000c2800000| Untracked 
|  41|0x00000000c2900000, 0x00000000c2900000, 0x00000000c2a00000|  0%| F|  |TAMS 0x00000000c2900000, 0x00000000c2900000| Untracked 
|  42|0x00000000c2a00000, 0x00000000c2a00000, 0x00000000c2b00000|  0%| F|  |TAMS 0x00000000c2a00000, 0x00000000c2a00000| Untracked 
|  43|0x00000000c2b00000, 0x00000000c2b00000, 0x00000000c2c00000|  0%| F|  |TAMS 0x00000000c2b00000, 0x00000000c2b00000| Untracked 
|  44|0x00000000c2c00000, 0x00000000c2c00000, 0x00000000c2d00000|  0%| F|  |TAMS 0x00000000c2c00000, 0x00000000c2c00000| Untracked 
|  45|0x00000000c2d00000, 0x00000000c2d00000, 0x00000000c2e00000|  0%| F|  |TAMS 0x00000000c2d00000, 0x00000000c2d00000| Untracked 
|  46|0x00000000c2e00000, 0x00000000c2e00000, 0x00000000c2f00000|  0%| F|  |TAMS 0x00000000c2e00000, 0x00000000c2e00000| Untracked 
|  47|0x00000000c2f00000, 0x00000000c2f00000, 0x00000000c3000000|  0%| F|  |TAMS 0x00000000c2f00000, 0x00000000c2f00000| Untracked 
|  48|0x00000000c3000000, 0x00000000c3000000, 0x00000000c3100000|  0%| F|  |TAMS 0x00000000c3000000, 0x00000000c3000000| Untracked 
|  49|0x00000000c3100000, 0x00000000c3100000, 0x00000000c3200000|  0%| F|  |TAMS 0x00000000c3100000, 0x00000000c3100000| Untracked 
|  50|0x00000000c3200000, 0x00000000c3200000, 0x00000000c3300000|  0%| F|  |TAMS 0x00000000c3200000, 0x00000000c3200000| Untracked 
|  51|0x00000000c3300000, 0x00000000c3300000, 0x00000000c3400000|  0%| F|  |TAMS 0x00000000c3300000, 0x00000000c3300000| Untracked 
|  52|0x00000000c3400000, 0x00000000c3400000, 0x00000000c3500000|  0%| F|  |TAMS 0x00000000c3400000, 0x00000000c3400000| Untracked 
|  53|0x00000000c3500000, 0x00000000c3500000, 0x00000000c3600000|  0%| F|  |TAMS 0x00000000c3500000, 0x00000000c3500000| Untracked 
|  54|0x00000000c3600000, 0x00000000c3600000, 0x00000000c3700000|  0%| F|  |TAMS 0x00000000c3600000, 0x00000000c3600000| Untracked 
|  55|0x00000000c3700000, 0x00000000c3700000, 0x00000000c3800000|  0%| F|  |TAMS 0x00000000c3700000, 0x00000000c3700000| Untracked 
|  56|0x00000000c3800000, 0x00000000c3800000, 0x00000000c3900000|  0%| F|  |TAMS 0x00000000c3800000, 0x00000000c3800000| Untracked 
|  57|0x00000000c3900000, 0x00000000c3900000, 0x00000000c3a00000|  0%| F|  |TAMS 0x00000000c3900000, 0x00000000c3900000| Untracked 
|  58|0x00000000c3a00000, 0x00000000c3a00000, 0x00000000c3b00000|  0%| F|  |TAMS 0x00000000c3a00000, 0x00000000c3a00000| Untracked 
|  59|0x00000000c3b00000, 0x00000000c3b00000, 0x00000000c3c00000|  0%| F|  |TAMS 0x00000000c3b00000, 0x00000000c3b00000| Untracked 
|  60|0x00000000c3c00000, 0x00000000c3c00000, 0x00000000c3d00000|  0%| F|  |TAMS 0x00000000c3c00000, 0x00000000c3c00000| Untracked 
|  61|0x00000000c3d00000, 0x00000000c3d00000, 0x00000000c3e00000|  0%| F|  |TAMS 0x00000000c3d00000, 0x00000000c3d00000| Untracked 
|  62|0x00000000c3e00000, 0x00000000c3e00000, 0x00000000c3f00000|  0%| F|  |TAMS 0x00000000c3e00000, 0x00000000c3e00000| Untracked 
|  63|0x00000000c3f00000, 0x00000000c3f00000, 0x00000000c4000000|  0%| F|  |TAMS 0x00000000c3f00000, 0x00000000c3f00000| Untracked 
|  64|0x00000000c4000000, 0x00000000c4000000, 0x00000000c4100000|  0%| F|  |TAMS 0x00000000c4000000, 0x00000000c4000000| Untracked 
|  65|0x00000000c4100000, 0x00000000c4100000, 0x00000000c4200000|  0%| F|  |TAMS 0x00000000c4100000, 0x00000000c4100000| Untracked 
|  66|0x00000000c4200000, 0x00000000c4200000, 0x00000000c4300000|  0%| F|  |TAMS 0x00000000c4200000, 0x00000000c4200000| Untracked 
|  67|0x00000000c4300000, 0x00000000c4300000, 0x00000000c4400000|  0%| F|  |TAMS 0x00000000c4300000, 0x00000000c4300000| Untracked 
|  68|0x00000000c4400000, 0x00000000c4400000, 0x00000000c4500000|  0%| F|  |TAMS 0x00000000c4400000, 0x00000000c4400000| Untracked 
|  69|0x00000000c4500000, 0x00000000c4500000, 0x00000000c4600000|  0%| F|  |TAMS 0x00000000c4500000, 0x00000000c4500000| Untracked 
|  70|0x00000000c4600000, 0x00000000c4600000, 0x00000000c4700000|  0%| F|  |TAMS 0x00000000c4600000, 0x00000000c4600000| Untracked 
|  71|0x00000000c4700000, 0x00000000c4700000, 0x00000000c4800000|  0%| F|  |TAMS 0x00000000c4700000, 0x00000000c4700000| Untracked 
|  72|0x00000000c4800000, 0x00000000c4800000, 0x00000000c4900000|  0%| F|  |TAMS 0x00000000c4800000, 0x00000000c4800000| Untracked 
|  73|0x00000000c4900000, 0x00000000c4900000, 0x00000000c4a00000|  0%| F|  |TAMS 0x00000000c4900000, 0x00000000c4900000| Untracked 
|  74|0x00000000c4a00000, 0x00000000c4a00000, 0x00000000c4b00000|  0%| F|  |TAMS 0x00000000c4a00000, 0x00000000c4a00000| Untracked 
|  75|0x00000000c4b00000, 0x00000000c4b00000, 0x00000000c4c00000|  0%| F|  |TAMS 0x00000000c4b00000, 0x00000000c4b00000| Untracked 
|  76|0x00000000c4c00000, 0x00000000c4c00000, 0x00000000c4d00000|  0%| F|  |TAMS 0x00000000c4c00000, 0x00000000c4c00000| Untracked 
|  77|0x00000000c4d00000, 0x00000000c4d00000, 0x00000000c4e00000|  0%| F|  |TAMS 0x00000000c4d00000, 0x00000000c4d00000| Untracked 
|  78|0x00000000c4e00000, 0x00000000c4e00000, 0x00000000c4f00000|  0%| F|  |TAMS 0x00000000c4e00000, 0x00000000c4e00000| Untracked 
|  79|0x00000000c4f00000, 0x00000000c4f00000, 0x00000000c5000000|  0%| F|  |TAMS 0x00000000c4f00000, 0x00000000c4f00000| Untracked 
|  80|0x00000000c5000000, 0x00000000c5000000, 0x00000000c5100000|  0%| F|  |TAMS 0x00000000c5000000, 0x00000000c5000000| Untracked 
|  81|0x00000000c5100000, 0x00000000c5100000, 0x00000000c5200000|  0%| F|  |TAMS 0x00000000c5100000, 0x00000000c5100000| Untracked 
|  82|0x00000000c5200000, 0x00000000c5200000, 0x00000000c5300000|  0%| F|  |TAMS 0x00000000c5200000, 0x00000000c5200000| Untracked 
|  83|0x00000000c5300000, 0x00000000c5300000, 0x00000000c5400000|  0%| F|  |TAMS 0x00000000c5300000, 0x00000000c5300000| Untracked 
|  84|0x00000000c5400000, 0x00000000c5400000, 0x00000000c5500000|  0%| F|  |TAMS 0x00000000c5400000, 0x00000000c5400000| Untracked 
|  85|0x00000000c5500000, 0x00000000c5500000, 0x00000000c5600000|  0%| F|  |TAMS 0x00000000c5500000, 0x00000000c5500000| Untracked 
|  86|0x00000000c5600000, 0x00000000c5600000, 0x00000000c5700000|  0%| F|  |TAMS 0x00000000c5600000, 0x00000000c5600000| Untracked 
|  87|0x00000000c5700000, 0x00000000c5700000, 0x00000000c5800000|  0%| F|  |TAMS 0x00000000c5700000, 0x00000000c5700000| Untracked 
|  88|0x00000000c5800000, 0x00000000c5800000, 0x00000000c5900000|  0%| F|  |TAMS 0x00000000c5800000, 0x00000000c5800000| Untracked 
|  89|0x00000000c5900000, 0x00000000c5900000, 0x00000000c5a00000|  0%| F|  |TAMS 0x00000000c5900000, 0x00000000c5900000| Untracked 
|  90|0x00000000c5a00000, 0x00000000c5a00000, 0x00000000c5b00000|  0%| F|  |TAMS 0x00000000c5a00000, 0x00000000c5a00000| Untracked 
|  91|0x00000000c5b00000, 0x00000000c5b00000, 0x00000000c5c00000|  0%| F|  |TAMS 0x00000000c5b00000, 0x00000000c5b00000| Untracked 
|  92|0x00000000c5c00000, 0x00000000c5c00000, 0x00000000c5d00000|  0%| F|  |TAMS 0x00000000c5c00000, 0x00000000c5c00000| Untracked 
|  93|0x00000000c5d00000, 0x00000000c5d00000, 0x00000000c5e00000|  0%| F|  |TAMS 0x00000000c5d00000, 0x00000000c5d00000| Untracked 
|  94|0x00000000c5e00000, 0x00000000c5e00000, 0x00000000c5f00000|  0%| F|  |TAMS 0x00000000c5e00000, 0x00000000c5e00000| Untracked 
|  95|0x00000000c5f00000, 0x00000000c5f00000, 0x00000000c6000000|  0%| F|  |TAMS 0x00000000c5f00000, 0x00000000c5f00000| Untracked 
|  96|0x00000000c6000000, 0x00000000c6000000, 0x00000000c6100000|  0%| F|  |TAMS 0x00000000c6000000, 0x00000000c6000000| Untracked 
|  97|0x00000000c6100000, 0x00000000c6100000, 0x00000000c6200000|  0%| F|  |TAMS 0x00000000c6100000, 0x00000000c6100000| Untracked 
|  98|0x00000000c6200000, 0x00000000c6200000, 0x00000000c6300000|  0%| F|  |TAMS 0x00000000c6200000, 0x00000000c6200000| Untracked 
|  99|0x00000000c6300000, 0x00000000c6300000, 0x00000000c6400000|  0%| F|  |TAMS 0x00000000c6300000, 0x00000000c6300000| Untracked 
| 100|0x00000000c6400000, 0x00000000c6400000, 0x00000000c6500000|  0%| F|  |TAMS 0x00000000c6400000, 0x00000000c6400000| Untracked 
| 101|0x00000000c6500000, 0x00000000c6500000, 0x00000000c6600000|  0%| F|  |TAMS 0x00000000c6500000, 0x00000000c6500000| Untracked 
| 102|0x00000000c6600000, 0x00000000c6600000, 0x00000000c6700000|  0%| F|  |TAMS 0x00000000c6600000, 0x00000000c6600000| Untracked 
| 103|0x00000000c6700000, 0x00000000c6700000, 0x00000000c6800000|  0%| F|  |TAMS 0x00000000c6700000, 0x00000000c6700000| Untracked 
| 104|0x00000000c6800000, 0x00000000c6800000, 0x00000000c6900000|  0%| F|  |TAMS 0x00000000c6800000, 0x00000000c6800000| Untracked 
| 105|0x00000000c6900000, 0x00000000c6900000, 0x00000000c6a00000|  0%| F|  |TAMS 0x00000000c6900000, 0x00000000c6900000| Untracked 
| 106|0x00000000c6a00000, 0x00000000c6a00000, 0x00000000c6b00000|  0%| F|  |TAMS 0x00000000c6a00000, 0x00000000c6a00000| Untracked 
| 125|0x00000000c7d00000, 0x00000000c7d20410, 0x00000000c7e00000| 12%| E|  |TAMS 0x00000000c7d00000, 0x00000000c7d00000| Complete 

Card table byte_map: [0x000001e32c3b0000,0x000001e32c5b0000] _byte_map_base: 0x000001e32bdb0000

Marking Bits (Prev, Next): (CMBitMap*) 0x000001e326445680, (CMBitMap*) 0x000001e326445640
 Prev Bits: [0x000001e32d7b0000, 0x000001e32e7b0000)
 Next Bits: [0x000001e32c7b0000, 0x000001e32d7b0000)

Polling page: 0x000001e325bc0000

Metaspace:

Usage:
  Non-class:     52.03 MB used.
      Class:      7.43 MB used.
       Both:     59.46 MB used.

Virtual space:
  Non-class space:       64.00 MB reserved,      52.50 MB ( 82%) committed,  1 nodes.
      Class space:        1.00 GB reserved,       7.75 MB ( <1%) committed,  1 nodes.
             Both:        1.06 GB reserved,      60.25 MB (  6%) committed. 

Chunk freelists:
   Non-Class:  11.66 MB
       Class:  8.26 MB
        Both:  19.92 MB

MaxMetaspaceSize: unlimited
CompressedClassSpaceSize: 1.00 GB
Initial GC threshold: 21.00 MB
Current GC threshold: 100.44 MB
CDS: off
MetaspaceReclaimPolicy: balanced
 - commit_granule_bytes: 65536.
 - commit_granule_words: 8192.
 - virtual_space_node_default_size: 8388608.
 - enlarge_chunks_in_place: 1.
 - new_chunks_are_fully_committed: 0.
 - uncommit_free_chunks: 1.
 - use_allocation_guard: 0.
 - handle_deallocations: 1.


Internal statistics:

num_allocs_failed_limit: 41.
num_arena_births: 654.
num_arena_deaths: 244.
num_vsnodes_births: 2.
num_vsnodes_deaths: 0.
num_space_committed: 963.
num_space_uncommitted: 0.
num_chunks_returned_to_freelist: 325.
num_chunks_taken_from_freelist: 2596.
num_chunk_merges: 125.
num_chunk_splits: 1820.
num_chunks_enlarged: 1338.
num_inconsistent_stats: 0.

CodeCache: size=49152Kb used=12241Kb max_used=13352Kb free=36910Kb
 bounds [0x000001e3290a0000, 0x000001e329db0000, 0x000001e32c0a0000]
 total_blobs=7335 nmethods=6688 adapters=574
 compilation: enabled
              stopped_count=0, restarted_count=0
 full_count=0

Compilation events (20 events):
Event: 40.011 Thread 0x000001e331d8ef00 nmethod 6678 0x000001e3293f9210 code [0x000001e3293f93a0, 0x000001e3293f94a8]
Event: 74.928 Thread 0x000001e331285840 6681  s!   1       java.io.FileDescriptor::closeAll (163 bytes)
Event: 74.929 Thread 0x000001e331285840 nmethod 6681 0x000001e3293f7f10 code [0x000001e3293f8140, 0x000001e3293f8788]
Event: 74.933 Thread 0x000001e331285840 6682       1       java.util.zip.ZipFile$Source::close (50 bytes)
Event: 74.933 Thread 0x000001e331285840 nmethod 6682 0x000001e3293f7a10 code [0x000001e3293f7bc0, 0x000001e3293f7e28]
Event: 74.933 Thread 0x000001e331285840 6683   !   1       java.io.RandomAccessFile::close (69 bytes)
Event: 74.934 Thread 0x000001e331285840 nmethod 6683 0x000001e3293f7390 code [0x000001e3293f7560, 0x000001e3293f78d8]
Event: 74.934 Thread 0x000001e331285840 6684       1       java.io.RandomAccessFile$1::<init> (10 bytes)
Event: 74.934 Thread 0x000001e331285840 nmethod 6684 0x000001e3293f7090 code [0x000001e3293f7220, 0x000001e3293f7338]
Event: 74.934 Thread 0x000001e331285840 6685       1       java.io.RandomAccessFile$1::close (11 bytes)
Event: 74.935 Thread 0x000001e331285840 nmethod 6685 0x000001e3293f6a10 code [0x000001e3293f6bc0, 0x000001e3293f6ed8]
Event: 118.513 Thread 0x000001e331285840 6686       1       java.util.concurrent.ThreadPoolExecutor$Worker::unlock (7 bytes)
Event: 118.513 Thread 0x000001e331285840 nmethod 6686 0x000001e3293f6690 code [0x000001e3293f6820, 0x000001e3293f6948]
Event: 118.513 Thread 0x000001e331285840 6687       1       java.util.concurrent.ThreadPoolExecutor$Worker::tryRelease (12 bytes)
Event: 118.513 Thread 0x000001e331285840 nmethod 6687 0x000001e3293f6390 code [0x000001e3293f6520, 0x000001e3293f6618]
Event: 230.586 Thread 0x000001e331285840 6688   !   1       java.util.concurrent.ThreadPoolExecutor::getTask (177 bytes)
Event: 230.612 Thread 0x000001e331285840 nmethod 6688 0x000001e3293f5a90 code [0x000001e3293f5c80, 0x000001e3293f6138]
Event: 240.601 Thread 0x000001e331285840 6689       1       java.util.concurrent.locks.AbstractQueuedSynchronizer::acquire (20 bytes)
Event: 240.616 Thread 0x000001e331285840 nmethod 6689 0x000001e3293f5690 code [0x000001e3293f5840, 0x000001e3293f5998]
Event: 241.173 Thread 0x000001e331285840 6690       1       java.math.BigDecimal::subtract (121 bytes)

GC Heap History (20 events):
Event: 129.172 GC heap after
{Heap after GC invocations=28 (full 6):
 garbage-first heap   total 110592K, used 32552K [0x00000000c0000000, 0x0000000100000000)
  region size 1024K, 0 young (0K), 0 survivors (0K)
 Metaspace       used 60885K, committed 61696K, reserved 1114112K
  class space    used 7611K, committed 7936K, reserved 1048576K
}
Event: 139.882 GC heap before
{Heap before GC invocations=28 (full 6):
 garbage-first heap   total 110592K, used 32552K [0x00000000c0000000, 0x0000000100000000)
  region size 1024K, 1 young (1024K), 0 survivors (0K)
 Metaspace       used 60885K, committed 61696K, reserved 1114112K
  class space    used 7611K, committed 7936K, reserved 1048576K
}
Event: 139.945 GC heap after
{Heap after GC invocations=29 (full 7):
 garbage-first heap   total 110592K, used 32552K [0x00000000c0000000, 0x0000000100000000)
  region size 1024K, 0 young (0K), 0 survivors (0K)
 Metaspace       used 60885K, committed 61696K, reserved 1114112K
  class space    used 7611K, committed 7936K, reserved 1048576K
}
Event: 150.565 GC heap before
{Heap before GC invocations=29 (full 7):
 garbage-first heap   total 110592K, used 32552K [0x00000000c0000000, 0x0000000100000000)
  region size 1024K, 1 young (1024K), 0 survivors (0K)
 Metaspace       used 60885K, committed 61696K, reserved 1114112K
  class space    used 7611K, committed 7936K, reserved 1048576K
}
Event: 150.627 GC heap after
{Heap after GC invocations=30 (full 8):
 garbage-first heap   total 110592K, used 32552K [0x00000000c0000000, 0x0000000100000000)
  region size 1024K, 0 young (0K), 0 survivors (0K)
 Metaspace       used 60885K, committed 61696K, reserved 1114112K
  class space    used 7611K, committed 7936K, reserved 1048576K
}
Event: 165.363 GC heap before
{Heap before GC invocations=30 (full 8):
 garbage-first heap   total 110592K, used 32552K [0x00000000c0000000, 0x0000000100000000)
  region size 1024K, 1 young (1024K), 0 survivors (0K)
 Metaspace       used 60885K, committed 61696K, reserved 1114112K
  class space    used 7611K, committed 7936K, reserved 1048576K
}
Event: 165.408 GC heap after
{Heap after GC invocations=31 (full 9):
 garbage-first heap   total 110592K, used 32552K [0x00000000c0000000, 0x0000000100000000)
  region size 1024K, 0 young (0K), 0 survivors (0K)
 Metaspace       used 60885K, committed 61696K, reserved 1114112K
  class space    used 7611K, committed 7936K, reserved 1048576K
}
Event: 176.003 GC heap before
{Heap before GC invocations=31 (full 9):
 garbage-first heap   total 110592K, used 32552K [0x00000000c0000000, 0x0000000100000000)
  region size 1024K, 1 young (1024K), 0 survivors (0K)
 Metaspace       used 60885K, committed 61696K, reserved 1114112K
  class space    used 7611K, committed 7936K, reserved 1048576K
}
Event: 176.061 GC heap after
{Heap after GC invocations=32 (full 10):
 garbage-first heap   total 110592K, used 32552K [0x00000000c0000000, 0x0000000100000000)
  region size 1024K, 0 young (0K), 0 survivors (0K)
 Metaspace       used 60885K, committed 61696K, reserved 1114112K
  class space    used 7611K, committed 7936K, reserved 1048576K
}
Event: 186.713 GC heap before
{Heap before GC invocations=32 (full 10):
 garbage-first heap   total 110592K, used 32552K [0x00000000c0000000, 0x0000000100000000)
  region size 1024K, 1 young (1024K), 0 survivors (0K)
 Metaspace       used 60885K, committed 61696K, reserved 1114112K
  class space    used 7611K, committed 7936K, reserved 1048576K
}
Event: 186.776 GC heap after
{Heap after GC invocations=33 (full 11):
 garbage-first heap   total 110592K, used 32552K [0x00000000c0000000, 0x0000000100000000)
  region size 1024K, 0 young (0K), 0 survivors (0K)
 Metaspace       used 60885K, committed 61696K, reserved 1114112K
  class space    used 7611K, committed 7936K, reserved 1048576K
}
Event: 198.074 GC heap before
{Heap before GC invocations=33 (full 11):
 garbage-first heap   total 110592K, used 32552K [0x00000000c0000000, 0x0000000100000000)
  region size 1024K, 1 young (1024K), 0 survivors (0K)
 Metaspace       used 60885K, committed 61696K, reserved 1114112K
  class space    used 7611K, committed 7936K, reserved 1048576K
}
Event: 198.135 GC heap after
{Heap after GC invocations=34 (full 12):
 garbage-first heap   total 110592K, used 32552K [0x00000000c0000000, 0x0000000100000000)
  region size 1024K, 0 young (0K), 0 survivors (0K)
 Metaspace       used 60885K, committed 61696K, reserved 1114112K
  class space    used 7611K, committed 7936K, reserved 1048576K
}
Event: 208.815 GC heap before
{Heap before GC invocations=34 (full 12):
 garbage-first heap   total 110592K, used 32552K [0x00000000c0000000, 0x0000000100000000)
  region size 1024K, 1 young (1024K), 0 survivors (0K)
 Metaspace       used 60885K, committed 61696K, reserved 1114112K
  class space    used 7611K, committed 7936K, reserved 1048576K
}
Event: 208.892 GC heap after
{Heap after GC invocations=35 (full 13):
 garbage-first heap   total 110592K, used 32552K [0x00000000c0000000, 0x0000000100000000)
  region size 1024K, 0 young (0K), 0 survivors (0K)
 Metaspace       used 60885K, committed 61696K, reserved 1114112K
  class space    used 7611K, committed 7936K, reserved 1048576K
}
Event: 219.835 GC heap before
{Heap before GC invocations=35 (full 13):
 garbage-first heap   total 110592K, used 32552K [0x00000000c0000000, 0x0000000100000000)
  region size 1024K, 1 young (1024K), 0 survivors (0K)
 Metaspace       used 60885K, committed 61696K, reserved 1114112K
  class space    used 7611K, committed 7936K, reserved 1048576K
}
Event: 219.897 GC heap after
{Heap after GC invocations=36 (full 14):
 garbage-first heap   total 110592K, used 32552K [0x00000000c0000000, 0x0000000100000000)
  region size 1024K, 0 young (0K), 0 survivors (0K)
 Metaspace       used 60885K, committed 61696K, reserved 1114112K
  class space    used 7611K, committed 7936K, reserved 1048576K
}
Event: 230.525 GC heap before
{Heap before GC invocations=36 (full 14):
 garbage-first heap   total 110592K, used 32552K [0x00000000c0000000, 0x0000000100000000)
  region size 1024K, 1 young (1024K), 0 survivors (0K)
 Metaspace       used 60885K, committed 61696K, reserved 1114112K
  class space    used 7611K, committed 7936K, reserved 1048576K
}
Event: 230.585 GC heap after
{Heap after GC invocations=37 (full 15):
 garbage-first heap   total 110592K, used 32552K [0x00000000c0000000, 0x0000000100000000)
  region size 1024K, 0 young (0K), 0 survivors (0K)
 Metaspace       used 60885K, committed 61696K, reserved 1114112K
  class space    used 7611K, committed 7936K, reserved 1048576K
}
Event: 241.191 GC heap before
{Heap before GC invocations=37 (full 15):
 garbage-first heap   total 110592K, used 32552K [0x00000000c0000000, 0x0000000100000000)
  region size 1024K, 1 young (1024K), 0 survivors (0K)
 Metaspace       used 60885K, committed 61696K, reserved 1114112K
  class space    used 7611K, committed 7936K, reserved 1048576K
}

Dll operation events (10 events):
Event: 0.035 Loaded shared library c:\Users\barba\.vscode\extensions\redhat.java-1.34.0-win32-x64\jre\17.0.12-win32-x86_64\bin\java.dll
Event: 0.490 Loaded shared library C:\Users\barba\.vscode\extensions\redhat.java-1.34.0-win32-x64\jre\17.0.12-win32-x86_64\bin\net.dll
Event: 0.494 Loaded shared library C:\Users\barba\.vscode\extensions\redhat.java-1.34.0-win32-x64\jre\17.0.12-win32-x86_64\bin\nio.dll
Event: 0.588 Loaded shared library C:\Users\barba\.vscode\extensions\redhat.java-1.34.0-win32-x64\jre\17.0.12-win32-x86_64\bin\zip.dll
Event: 24.877 Loaded shared library C:\Users\barba\.vscode\extensions\redhat.java-1.34.0-win32-x64\jre\17.0.12-win32-x86_64\bin\jimage.dll
Event: 28.687 Loaded shared library c:\Users\barba\.vscode\extensions\redhat.java-1.34.0-win32-x64\jre\17.0.12-win32-x86_64\bin\verify.dll
Event: 33.043 Loaded shared library C:\Users\barba\.vscode\extensions\redhat.java-1.34.0-win32-x64\jre\17.0.12-win32-x86_64\bin\management.dll
Event: 33.053 Loaded shared library C:\Users\barba\.vscode\extensions\redhat.java-1.34.0-win32-x64\jre\17.0.12-win32-x86_64\bin\management_ext.dll
Event: 34.519 Loaded shared library C:\Users\barba\.vscode\extensions\redhat.java-1.34.0-win32-x64\jre\17.0.12-win32-x86_64\bin\sunmscapi.dll
Event: 34.900 Loaded shared library C:\Users\barba\.vscode\extensions\redhat.java-1.34.0-win32-x64\jre\17.0.12-win32-x86_64\bin\extnet.dll

Deoptimization events (6 events):
Event: 33.593 Thread 0x000001e336ee8580 DEOPT PACKING pc=0x000001e3295e9481 sp=0x000000025a5fe030
Event: 33.594 Thread 0x000001e336ee8580 DEOPT UNPACKING pc=0x000001e3290f7143 sp=0x000000025a5fd4c0 mode 3
Event: 33.625 Thread 0x000001e336ee94b0 DEOPT PACKING pc=0x000001e3295cb797 sp=0x000000025a6feeb0
Event: 33.625 Thread 0x000001e336ee94b0 DEOPT UNPACKING pc=0x000001e3290f7143 sp=0x000000025a6fe308 mode 3
Event: 34.566 Thread 0x000001e336ff11a0 DEOPT PACKING pc=0x000001e3294b5f8c sp=0x000000025b7fadb0
Event: 34.566 Thread 0x000001e336ff11a0 DEOPT UNPACKING pc=0x000001e3290f7143 sp=0x000000025b7fa278 mode 0

Classes loaded (20 events):
Event: 36.858 Loading class jdk/internal/reflect/UnsafeQualifiedObjectFieldAccessorImpl
Event: 36.859 Loading class jdk/internal/reflect/UnsafeQualifiedObjectFieldAccessorImpl done
Event: 36.864 Loading class jdk/internal/reflect/UnsafeQualifiedLongFieldAccessorImpl
Event: 36.864 Loading class jdk/internal/reflect/UnsafeQualifiedLongFieldAccessorImpl done
Event: 36.887 Loading class java/io/FileOutputStream$1
Event: 36.888 Loading class java/io/FileOutputStream$1 done
Event: 36.898 Loading class jdk/internal/reflect/UnsafeQualifiedBooleanFieldAccessorImpl
Event: 36.898 Loading class jdk/internal/reflect/UnsafeQualifiedBooleanFieldAccessorImpl done
Event: 39.136 Loading class java/util/LinkedList$LLSpliterator
Event: 39.136 Loading class java/util/LinkedList$LLSpliterator done
Event: 73.111 Loading class java/lang/ProcessBuilder
Event: 73.123 Loading class java/lang/ProcessBuilder done
Event: 73.125 Loading class java/lang/ProcessImpl
Event: 73.128 Loading class java/lang/ProcessImpl done
Event: 73.251 Loading class java/lang/ProcessImpl$2
Event: 73.251 Loading class java/lang/ProcessImpl$2 done
Event: 73.252 Loading class java/lang/Process$PipeInputStream
Event: 73.253 Loading class java/lang/Process$PipeInputStream done
Event: 73.331 Loading class jdk/internal/event/ProcessStartEvent
Event: 73.332 Loading class jdk/internal/event/ProcessStartEvent done

Classes unloaded (20 events):
Event: 118.455 Thread 0x000001e33123dc50 Unloading class 0x0000000100095c00 'java/lang/invoke/LambdaForm$MH+0x0000000100095c00'
Event: 118.455 Thread 0x000001e33123dc50 Unloading class 0x0000000100095800 'java/lang/invoke/LambdaForm$MH+0x0000000100095800'
Event: 118.455 Thread 0x000001e33123dc50 Unloading class 0x0000000100095400 'java/lang/invoke/LambdaForm$MH+0x0000000100095400'
Event: 118.455 Thread 0x000001e33123dc50 Unloading class 0x0000000100095000 'java/lang/invoke/LambdaForm$MH+0x0000000100095000'
Event: 118.455 Thread 0x000001e33123dc50 Unloading class 0x0000000100094c00 'java/lang/invoke/LambdaForm$MH+0x0000000100094c00'
Event: 118.455 Thread 0x000001e33123dc50 Unloading class 0x0000000100094800 'java/lang/invoke/LambdaForm$MH+0x0000000100094800'
Event: 118.455 Thread 0x000001e33123dc50 Unloading class 0x0000000100094400 'java/lang/invoke/LambdaForm$MH+0x0000000100094400'
Event: 118.455 Thread 0x000001e33123dc50 Unloading class 0x000000010008cc00 'java/lang/invoke/LambdaForm$MH+0x000000010008cc00'
Event: 118.455 Thread 0x000001e33123dc50 Unloading class 0x000000010008c800 'java/lang/invoke/LambdaForm$MH+0x000000010008c800'
Event: 118.455 Thread 0x000001e33123dc50 Unloading class 0x000000010008c000 'java/lang/invoke/LambdaForm$MH+0x000000010008c000'
Event: 118.455 Thread 0x000001e33123dc50 Unloading class 0x0000000100088400 'java/lang/invoke/LambdaForm$MH+0x0000000100088400'
Event: 129.133 Thread 0x000001e33123dc50 Unloading class 0x00000001007d4800 'jdk/internal/reflect/GeneratedConstructorAccessor37'
Event: 129.133 Thread 0x000001e33123dc50 Unloading class 0x00000001007d4000 'jdk/internal/reflect/GeneratedConstructorAccessor35'
Event: 129.133 Thread 0x000001e33123dc50 Unloading class 0x000000010008e800 'java/lang/invoke/LambdaForm$MH+0x000000010008e800'
Event: 129.134 Thread 0x000001e33123dc50 Unloading class 0x000000010008e400 'java/lang/invoke/LambdaForm$MH+0x000000010008e400'
Event: 129.134 Thread 0x000001e33123dc50 Unloading class 0x000000010008e000 'java/lang/invoke/LambdaForm$MH+0x000000010008e000'
Event: 129.134 Thread 0x000001e33123dc50 Unloading class 0x000000010008dc00 'java/lang/invoke/LambdaForm$MH+0x000000010008dc00'
Event: 129.134 Thread 0x000001e33123dc50 Unloading class 0x000000010008d800 'java/lang/invoke/LambdaForm$MH+0x000000010008d800'
Event: 129.134 Thread 0x000001e33123dc50 Unloading class 0x000000010008d400 'java/lang/invoke/LambdaForm$MH+0x000000010008d400'
Event: 129.134 Thread 0x000001e33123dc50 Unloading class 0x000000010008bc00 'java/lang/invoke/LambdaForm$MH+0x000000010008bc00'

Classes redefined (0 events):
No events

Internal exceptions (20 events):
Event: 38.529 Thread 0x000001e336eeae00 Exception <a 'sun/nio/fs/WindowsException'{0x00000000c56d2c30}> (0x00000000c56d2c30) 
thrown [s\src\hotspot\share\prims\jni.cpp, line 516]
Event: 38.529 Thread 0x000001e336eeae00 Exception <a 'sun/nio/fs/WindowsException'{0x00000000c56d3990}> (0x00000000c56d3990) 
thrown [s\src\hotspot\share\prims\jni.cpp, line 516]
Event: 38.529 Thread 0x000001e336eeae00 Exception <a 'sun/nio/fs/WindowsException'{0x00000000c56d46c0}> (0x00000000c56d46c0) 
thrown [s\src\hotspot\share\prims\jni.cpp, line 516]
Event: 38.529 Thread 0x000001e336eeae00 Exception <a 'sun/nio/fs/WindowsException'{0x00000000c56d5420}> (0x00000000c56d5420) 
thrown [s\src\hotspot\share\prims\jni.cpp, line 516]
Event: 38.529 Thread 0x000001e336eeae00 Exception <a 'sun/nio/fs/WindowsException'{0x00000000c56d6268}> (0x00000000c56d6268) 
thrown [s\src\hotspot\share\prims\jni.cpp, line 516]
Event: 38.529 Thread 0x000001e336eeae00 Exception <a 'sun/nio/fs/WindowsException'{0x00000000c56d7120}> (0x00000000c56d7120) 
thrown [s\src\hotspot\share\prims\jni.cpp, line 516]
Event: 39.304 Thread 0x000001e336eeae00 Exception <a 'sun/nio/fs/WindowsException'{0x00000000c59369f0}> (0x00000000c59369f0) 
thrown [s\src\hotspot\share\prims\jni.cpp, line 516]
Event: 39.304 Thread 0x000001e336eeae00 Exception <a 'sun/nio/fs/WindowsException'{0x00000000c5937810}> (0x00000000c5937810) 
thrown [s\src\hotspot\share\prims\jni.cpp, line 516]
Event: 39.305 Thread 0x000001e336eeae00 Exception <a 'sun/nio/fs/WindowsException'{0x00000000c5938600}> (0x00000000c5938600) 
thrown [s\src\hotspot\share\prims\jni.cpp, line 516]
Event: 39.305 Thread 0x000001e336eeae00 Exception <a 'sun/nio/fs/WindowsException'{0x00000000c5939420}> (0x00000000c5939420) 
thrown [s\src\hotspot\share\prims\jni.cpp, line 516]
Event: 39.305 Thread 0x000001e336eeae00 Exception <a 'sun/nio/fs/WindowsException'{0x00000000c593a328}> (0x00000000c593a328) 
thrown [s\src\hotspot\share\prims\jni.cpp, line 516]
Event: 39.305 Thread 0x000001e336eeae00 Exception <a 'sun/nio/fs/WindowsException'{0x00000000c593b2a0}> (0x00000000c593b2a0) 
thrown [s\src\hotspot\share\prims\jni.cpp, line 516]
Event: 39.305 Thread 0x000001e336eeae00 Exception <a 'sun/nio/fs/WindowsException'{0x00000000c593cbf8}> (0x00000000c593cbf8) 
thrown [s\src\hotspot\share\prims\jni.cpp, line 516]
Event: 39.306 Thread 0x000001e336eeae00 Exception <a 'sun/nio/fs/WindowsException'{0x00000000c593da18}> (0x00000000c593da18) 
thrown [s\src\hotspot\share\prims\jni.cpp, line 516]
Event: 39.306 Thread 0x000001e336eeae00 Exception <a 'sun/nio/fs/WindowsException'{0x00000000c593e808}> (0x00000000c593e808) 
thrown [s\src\hotspot\share\prims\jni.cpp, line 516]
Event: 39.306 Thread 0x000001e336eeae00 Exception <a 'sun/nio/fs/WindowsException'{0x00000000c593f628}> (0x00000000c593f628) 
thrown [s\src\hotspot\share\prims\jni.cpp, line 516]
Event: 39.306 Thread 0x000001e336eeae00 Exception <a 'sun/nio/fs/WindowsException'{0x00000000c5940530}> (0x00000000c5940530) 
thrown [s\src\hotspot\share\prims\jni.cpp, line 516]
Event: 39.306 Thread 0x000001e336eeae00 Exception <a 'sun/nio/fs/WindowsException'{0x00000000c59414a8}> (0x00000000c59414a8) 
thrown [s\src\hotspot\share\prims\jni.cpp, line 516]
Event: 73.207 Thread 0x000001e336ee8070 Exception <a 'java/lang/NoSuchMethodError'{0x00000000c583cce0}: 'void java.lang.invoke.DirectMethodHandle$Holder.invokeStatic(java.lang.Object, long)'> (0x00000000c583cce0) 
thrown [s\src\hotspot\share\interpreter\linkResolver.cpp, line 759]
Event: 73.248 Thread 0x000001e336ee8070 Exception <a 'java/lang/NoSuchMethodError'{0x00000000c5842090}: 'java.lang.Object java.lang.invoke.DirectMethodHandle$Holder.newInvokeSpecial(java.lang.Object, long)'> (0x00000000c5842090) 
thrown [s\src\hotspot\share\interpreter\linkResolver.cpp, line 759]

VM Operations (20 events):
Event: 139.945 Executing VM operation: G1CollectFull done
Event: 150.565 Executing VM operation: G1CollectFull
Event: 150.627 Executing VM operation: G1CollectFull done
Event: 165.363 Executing VM operation: G1CollectFull
Event: 165.408 Executing VM operation: G1CollectFull done
Event: 176.003 Executing VM operation: G1CollectFull
Event: 176.061 Executing VM operation: G1CollectFull done
Event: 186.713 Executing VM operation: G1CollectFull
Event: 186.776 Executing VM operation: G1CollectFull done
Event: 198.074 Executing VM operation: G1CollectFull
Event: 198.135 Executing VM operation: G1CollectFull done
Event: 208.815 Executing VM operation: G1CollectFull
Event: 208.892 Executing VM operation: G1CollectFull done
Event: 219.835 Executing VM operation: G1CollectFull
Event: 219.897 Executing VM operation: G1CollectFull done
Event: 230.525 Executing VM operation: G1CollectFull
Event: 230.585 Executing VM operation: G1CollectFull done
Event: 233.618 Executing VM operation: Cleanup
Event: 233.618 Executing VM operation: Cleanup done
Event: 241.175 Executing VM operation: G1CollectFull

Events (20 events):
Event: 39.142 Thread 0x000001e336ff25e0 Thread exited: 0x000001e336ff25e0
Event: 39.418 Thread 0x000001e336fedf00 Thread exited: 0x000001e336fedf00
Event: 39.418 Thread 0x000001e336feee30 Thread exited: 0x000001e336feee30
Event: 39.418 Thread 0x000001e336ff2af0 Thread exited: 0x000001e336ff2af0
Event: 40.011 Thread 0x000001e3317471a0 Thread exited: 0x000001e3317471a0
Event: 40.012 Thread 0x000001e336fefd60 Thread exited: 0x000001e336fefd60
Event: 40.013 Thread 0x000001e336fee410 Thread exited: 0x000001e336fee410
Event: 40.013 Thread 0x000001e336febb90 Thread exited: 0x000001e336febb90
Event: 45.012 Thread 0x000001e331d8ef00 Thread exited: 0x000001e331d8ef00
Event: 52.894 Thread 0x000001e336ff11a0 Thread exited: 0x000001e336ff11a0
Event: 93.786 Thread 0x000001e336eea8f0 Thread exited: 0x000001e336eea8f0
Event: 93.799 Thread 0x000001e336eea3e0 Thread exited: 0x000001e336eea3e0
Event: 93.800 Thread 0x000001e336eeb820 Thread exited: 0x000001e336eeb820
Event: 93.801 Thread 0x000001e336ee9ed0 Thread exited: 0x000001e336ee9ed0
Event: 93.802 Thread 0x000001e336fed9f0 Thread exited: 0x000001e336fed9f0
Event: 96.907 Thread 0x000001e336eeb310 Thread exited: 0x000001e336eeb310
Event: 96.919 Thread 0x000001e336fed4e0 Thread exited: 0x000001e336fed4e0
Event: 98.603 Thread 0x000001e3369cf5e0 Thread exited: 0x000001e3369cf5e0
Event: 158.635 Thread 0x000001e3369dd520 Thread exited: 0x000001e3369dd520
Event: 218.715 Thread 0x000001e3369cf100 Thread exited: 0x000001e3369cf100


Dynamic libraries:
0x00007ff69d1d0000 - 0x00007ff69d1de000 	c:\Users\barba\.vscode\extensions\redhat.java-1.34.0-win32-x64\jre\17.0.12-win32-x86_64\bin\java.exe
0x00007ffe9a8d0000 - 0x00007ffe9aae7000 	C:\WINDOWS\SYSTEM32\ntdll.dll
0x00007ffe99cc0000 - 0x00007ffe99d84000 	C:\WINDOWS\System32\KERNEL32.DLL
0x00007ffe98010000 - 0x00007ffe983bd000 	C:\WINDOWS\System32\KERNELBASE.dll
0x00007ffe984e0000 - 0x00007ffe985f1000 	C:\WINDOWS\System32\ucrtbase.dll
0x00007ffe64220000 - 0x00007ffe64237000 	c:\Users\barba\.vscode\extensions\redhat.java-1.34.0-win32-x64\jre\17.0.12-win32-x86_64\bin\jli.dll
0x00007ffe85960000 - 0x00007ffe8597b000 	c:\Users\barba\.vscode\extensions\redhat.java-1.34.0-win32-x64\jre\17.0.12-win32-x86_64\bin\VCRUNTIME140.dll
0x00007ffe9a0d0000 - 0x00007ffe9a27e000 	C:\WINDOWS\System32\USER32.dll
0x00007ffe98430000 - 0x00007ffe98456000 	C:\WINDOWS\System32\win32u.dll
0x00007ffe81c40000 - 0x00007ffe81ed3000 	C:\WINDOWS\WinSxS\amd64_microsoft.windows.common-controls_6595b64144ccf1df_6.0.22621.3672_none_2713b9d173822955\COMCTL32.dll
0x00007ffe99880000 - 0x00007ffe998a9000 	C:\WINDOWS\System32\GDI32.dll
0x00007ffe99b60000 - 0x00007ffe99c07000 	C:\WINDOWS\System32\msvcrt.dll
0x00007ffe97ef0000 - 0x00007ffe98009000 	C:\WINDOWS\System32\gdi32full.dll
0x00007ffe97c20000 - 0x00007ffe97cba000 	C:\WINDOWS\System32\msvcp_win.dll
0x00007ffe99a40000 - 0x00007ffe99a71000 	C:\WINDOWS\System32\IMM32.DLL
0x00007ffe8fb20000 - 0x00007ffe8fb2c000 	c:\Users\barba\.vscode\extensions\redhat.java-1.34.0-win32-x64\jre\17.0.12-win32-x86_64\bin\vcruntime140_1.dll
0x00007ffe33060000 - 0x00007ffe330ed000 	c:\Users\barba\.vscode\extensions\redhat.java-1.34.0-win32-x64\jre\17.0.12-win32-x86_64\bin\msvcp140.dll
0x00007ffdf7a40000 - 0x00007ffdf86aa000 	c:\Users\barba\.vscode\extensions\redhat.java-1.34.0-win32-x64\jre\17.0.12-win32-x86_64\bin\server\jvm.dll
0x00007ffe99aa0000 - 0x00007ffe99b52000 	C:\WINDOWS\System32\ADVAPI32.dll
0x00007ffe99c10000 - 0x00007ffe99cb9000 	C:\WINDOWS\System32\sechost.dll
0x00007ffe97bf0000 - 0x00007ffe97c18000 	C:\WINDOWS\System32\bcrypt.dll
0x00007ffe98600000 - 0x00007ffe98714000 	C:\WINDOWS\System32\RPCRT4.dll
0x00007ffe99480000 - 0x00007ffe994f1000 	C:\WINDOWS\System32\WS2_32.dll
0x00007ffe93930000 - 0x00007ffe93964000 	C:\WINDOWS\SYSTEM32\WINMM.dll
0x00007ffe92090000 - 0x00007ffe9209a000 	C:\WINDOWS\SYSTEM32\VERSION.dll
0x00007ffe97270000 - 0x00007ffe972bd000 	C:\WINDOWS\SYSTEM32\POWRPROF.dll
0x00007ffe97220000 - 0x00007ffe97233000 	C:\WINDOWS\SYSTEM32\UMPDC.dll
0x00007ffe96c40000 - 0x00007ffe96c58000 	C:\WINDOWS\SYSTEM32\kernel.appcore.dll
0x00007ffe8ed10000 - 0x00007ffe8ed1a000 	c:\Users\barba\.vscode\extensions\redhat.java-1.34.0-win32-x64\jre\17.0.12-win32-x86_64\bin\jimage.dll
0x00007ffe83890000 - 0x00007ffe83ac2000 	C:\WINDOWS\SYSTEM32\DBGHELP.DLL
0x00007ffe9a4f0000 - 0x00007ffe9a87e000 	C:\WINDOWS\System32\combase.dll
0x00007ffe99ff0000 - 0x00007ffe9a0c7000 	C:\WINDOWS\System32\OLEAUT32.dll
0x00007ffe82c80000 - 0x00007ffe82cb2000 	C:\WINDOWS\SYSTEM32\dbgcore.DLL
0x00007ffe98460000 - 0x00007ffe984db000 	C:\WINDOWS\System32\bcryptPrimitives.dll
0x00007ffe55560000 - 0x00007ffe55585000 	c:\Users\barba\.vscode\extensions\redhat.java-1.34.0-win32-x64\jre\17.0.12-win32-x86_64\bin\java.dll
0x00007ffe62700000 - 0x00007ffe62718000 	c:\Users\barba\.vscode\extensions\redhat.java-1.34.0-win32-x64\jre\17.0.12-win32-x86_64\bin\zip.dll
0x00007ffe98c10000 - 0x00007ffe99477000 	C:\WINDOWS\System32\SHELL32.dll
0x00007ffe95b70000 - 0x00007ffe9646f000 	C:\WINDOWS\SYSTEM32\windows.storage.dll
0x00007ffe95a30000 - 0x00007ffe95b6f000 	C:\WINDOWS\SYSTEM32\wintypes.dll
0x00007ffe99930000 - 0x00007ffe99a29000 	C:\WINDOWS\System32\SHCORE.dll
0x00007ffe99820000 - 0x00007ffe9987e000 	C:\WINDOWS\System32\shlwapi.dll
0x00007ffe97b20000 - 0x00007ffe97b47000 	C:\WINDOWS\SYSTEM32\profapi.dll
0x00007ffe620a0000 - 0x00007ffe620b9000 	C:\Users\barba\.vscode\extensions\redhat.java-1.34.0-win32-x64\jre\17.0.12-win32-x86_64\bin\net.dll
0x00007ffe940c0000 - 0x00007ffe941f6000 	C:\WINDOWS\SYSTEM32\WINHTTP.dll
0x00007ffe97120000 - 0x00007ffe97189000 	C:\WINDOWS\system32\mswsock.dll
0x00007ffe615e0000 - 0x00007ffe615f6000 	C:\Users\barba\.vscode\extensions\redhat.java-1.34.0-win32-x64\jre\17.0.12-win32-x86_64\bin\nio.dll
0x00007ffe886f0000 - 0x00007ffe88700000 	c:\Users\barba\.vscode\extensions\redhat.java-1.34.0-win32-x64\jre\17.0.12-win32-x86_64\bin\verify.dll
0x00007ffe973f0000 - 0x00007ffe9740b000 	C:\WINDOWS\SYSTEM32\CRYPTSP.dll
0x00007ffe96ba0000 - 0x00007ffe96bd5000 	C:\WINDOWS\system32\rsaenh.dll
0x00007ffe97240000 - 0x00007ffe97268000 	C:\WINDOWS\SYSTEM32\USERENV.dll
0x00007ffe97410000 - 0x00007ffe9741c000 	C:\WINDOWS\SYSTEM32\CRYPTBASE.dll
0x00007ffe96710000 - 0x00007ffe9673d000 	C:\WINDOWS\SYSTEM32\IPHLPAPI.DLL
0x00007ffe99500000 - 0x00007ffe99509000 	C:\WINDOWS\System32\NSI.dll
0x00007ffe93ff0000 - 0x00007ffe94009000 	C:\WINDOWS\SYSTEM32\dhcpcsvc6.DLL
0x00007ffe93e00000 - 0x00007ffe93e1f000 	C:\WINDOWS\SYSTEM32\dhcpcsvc.DLL
0x00007ffe96740000 - 0x00007ffe96838000 	C:\WINDOWS\SYSTEM32\DNSAPI.dll
0x00007ffe94410000 - 0x00007ffe94419000 	C:\Users\barba\.vscode\extensions\redhat.java-1.34.0-win32-x64\jre\17.0.12-win32-x86_64\bin\management.dll
0x00007ffe90fd0000 - 0x00007ffe90fdb000 	C:\Users\barba\.vscode\extensions\redhat.java-1.34.0-win32-x64\jre\17.0.12-win32-x86_64\bin\management_ext.dll
0x00007ffe9a880000 - 0x00007ffe9a888000 	C:\WINDOWS\System32\PSAPI.DLL
0x00007ffe8f570000 - 0x00007ffe8f57e000 	C:\Users\barba\.vscode\extensions\redhat.java-1.34.0-win32-x64\jre\17.0.12-win32-x86_64\bin\sunmscapi.dll
0x00007ffe97d80000 - 0x00007ffe97ee6000 	C:\WINDOWS\System32\CRYPT32.dll
0x00007ffe975b0000 - 0x00007ffe975de000 	C:\WINDOWS\SYSTEM32\ncrypt.dll
0x00007ffe97570000 - 0x00007ffe975a7000 	C:\WINDOWS\SYSTEM32\NTASN1.dll
0x00007ffe94400000 - 0x00007ffe94408000 	C:\WINDOWS\system32\wshunix.dll
0x00007ffe8ed20000 - 0x00007ffe8ed29000 	C:\Users\barba\.vscode\extensions\redhat.java-1.34.0-win32-x64\jre\17.0.12-win32-x86_64\bin\extnet.dll
0x00007ffe8fe60000 - 0x00007ffe8fe6a000 	C:\Windows\System32\rasadhlp.dll
0x00007ffe93680000 - 0x00007ffe93703000 	C:\WINDOWS\System32\fwpuclnt.dll

dbghelp: loaded successfully - version: 4.0.5 - missing functions: none
symbol engine: initialized successfully - sym options: 0x614 - pdb path: .;c:\Users\barba\.vscode\extensions\redhat.java-1.34.0-win32-x64\jre\17.0.12-win32-x86_64\bin;C:\WINDOWS\SYSTEM32;C:\WINDOWS\WinSxS\amd64_microsoft.windows.common-controls_6595b64144ccf1df_6.0.22621.3672_none_2713b9d173822955;c:\Users\barba\.vscode\extensions\redhat.java-1.34.0-win32-x64\jre\17.0.12-win32-x86_64\bin\server

VM Arguments:
jvm_args: -Xmx1024m -Dsts.lsp.client=vscode -Dsts.log.file=/dev/null -XX:TieredStopAtLevel=1 -Xlog:jni+resolve=off 
java_command: c:\Users\barba\.vscode\extensions\vmware.vscode-spring-boot-1.57.0\language-server\spring-boot-language-server-1.57.0-SNAPSHOT-exec.jar
java_class_path (initial): c:\Users\barba\.vscode\extensions\vmware.vscode-spring-boot-1.57.0\language-server\spring-boot-language-server-1.57.0-SNAPSHOT-exec.jar
Launcher Type: SUN_STANDARD

[Global flags]
     intx CICompilerCount                          = 4                                         {product} {ergonomic}
     uint ConcGCThreads                            = 2                                         {product} {ergonomic}
     uint G1ConcRefinementThreads                  = 8                                         {product} {ergonomic}
   size_t G1HeapRegionSize                         = 1048576                                   {product} {ergonomic}
    uintx GCDrainStackTargetSize                   = 64                                        {product} {ergonomic}
   size_t InitialHeapSize                          = 132120576                                 {product} {ergonomic}
   size_t MarkStackSize                            = 4194304                                   {product} {ergonomic}
   size_t MaxHeapSize                              = 1073741824                                {product} {command line}
   size_t MaxNewSize                               = 643825664                                 {product} {ergonomic}
   size_t MinHeapDeltaBytes                        = 1048576                                   {product} {ergonomic}
   size_t MinHeapSize                              = 8388608                                   {product} {ergonomic}
    uintx NonProfiledCodeHeapSize                  = 0                                      {pd product} {ergonomic}
     bool ProfileInterpreter                       = false                                  {pd product} {command line}
    uintx ProfiledCodeHeapSize                     = 0                                      {pd product} {ergonomic}
   size_t SoftMaxHeapSize                          = 1073741824                             {manageable} {ergonomic}
     intx TieredStopAtLevel                        = 1                                         {product} {command line}
     bool UseCompressedClassPointers               = true                           {product lp64_product} {ergonomic}
     bool UseCompressedOops                        = true                           {product lp64_product} {ergonomic}
     bool UseG1GC                                  = true                                      {product} {ergonomic}
     bool UseLargePagesIndividualAllocation        = false                                  {pd product} {ergonomic}

Logging:
Log output configuration:
 #0: stdout all=warning,jni+resolve=off uptime,level,tags
 #1: stderr all=off uptime,level,tags

Environment Variables:
PATH=C:\Program Files\Common Files\Oracle\Java\javapath;C:\Program Files (x86)\Common Files\Oracle\Java\javapath;C:\WINDOWS\system32;C:\WINDOWS;C:\WINDOWS\System32\Wbem;C:\WINDOWS\System32\WindowsPowerShell\v1.0\;C:\WINDOWS\System32\OpenSSH\;C:\Program Files\dotnet\;C:\Program Files\Git\cmd;C:\Program Files\nodejs\;C:\Program Files\MySQL\MySQL Shell 8.0\bin\;C:\Users\barba\AppData\Local\Microsoft\WindowsApps;C:\Users\barba\AppData\Local\Programs\Microsoft VS Code\bin;C:\Program Files\Java\jdk-17\bin;C:\Users\barba\AppData\Local\GitHubDesktop\bin;C:\Users\barba\AppData\Roaming\npm
USERNAME=barba
OS=Windows_NT
PROCESSOR_IDENTIFIER=Intel64 Family 6 Model 142 Stepping 12, GenuineIntel
TMP=C:\Users\barba\AppData\Local\Temp
TEMP=C:\Users\barba\AppData\Local\Temp



Periodic native trim disabled


---------------  S Y S T E M  ---------------

OS:
 Windows 11 , 64 bit Build 22621 (10.0.22621.3958)
OS uptime: 13 days 15:11 hours

CPU: total 8 (initial active 8) (4 cores per cpu, 2 threads per core) family 6 model 142 stepping 12 microcode 0xea, cx8, cmov, fxsr, ht, mmx, 3dnowpref, sse, sse2, sse3, ssse3, sse4.1, sse4.2, popcnt, lzcnt, tsc, tscinvbit, avx, avx2, aes, erms, clmul, bmi1, bmi2, adx, fma, vzeroupper, clflush, clflushopt
Processor Information for all 8 processors :
  Max Mhz: 2112, Current Mhz: 1609, Mhz Limit: 1605

Memory: 4k page, system-wide physical 8013M (59M free)
TotalPageFile size 32589M (AvailPageFile size 69M)
current process WorkingSet (physical memory assigned to process): 66M, peak: 246M
current process commit charge ("private bytes"): 279M, peak: 296M

vm_info: OpenJDK 64-Bit Server VM (17.0.12+7) for windows-amd64 JRE (17.0.12+7), built on Jul 16 2024 22:08:24 by "admin" with MS VC++ 16.10 / 16.11 (VS2019)

END.
